<?xml version="1.0" encoding="UTF-8"?>
<!-- Generated by org.testng.reporters.JUnitReportReporter -->
<testsuite name="com.test.automation.UIAutomation.tests.CandidateCycle" tests="10" time="23.368" ignored="0" failures="0" timestamp="02 May 2018 05:47:17 GMT" skipped="6" hostname="RIPLBRD50" errors="1">
  <testcase name="AddCandidateReferences" time="14.845" classname="com.test.automation.UIAutomation.tests.CandidateCycle">
    <error type="org.openqa.selenium.TimeoutException" message="Expected condition failed: waiting for presence of element located by: By.xpath: //a[contains(text(),&#039;Elizabeth Agosto-Negron&#039;)] (tried for 10 second(s) with 5 SECONDS interval)">
      <![CDATA[org.openqa.selenium.TimeoutException: Expected condition failed: waiting for presence of element located by: By.xpath: //a[contains(text(),'Elizabeth Agosto-Negron')] (tried for 10 second(s) with 5 SECONDS interval)
	at org.openqa.selenium.support.ui.FluentWait.timeoutException(FluentWait.java:264)
	at org.openqa.selenium.support.ui.FluentWait.until(FluentWait.java:232)
	at com.test.automation.UIAutomation.testBase.TestBase.waitElement(TestBase.java:379)
	at com.test.automation.UIAutomation.uiActions.RequirementsLifeCycle.RequirmentLifeCycle.selectCandidate(RequirmentLifeCycle.java:13)
	at com.test.automation.UIAutomation.tests.CandidateCycle.AddCandidateReferences(CandidateCycle.java:135)
	at sun.reflect.NativeMethodAccessorImpl.invoke0(Native Method)
	at sun.reflect.NativeMethodAccessorImpl.invoke(NativeMethodAccessorImpl.java:62)
	at sun.reflect.DelegatingMethodAccessorImpl.invoke(DelegatingMethodAccessorImpl.java:43)
	at java.lang.reflect.Method.invoke(Method.java:498)
	at org.testng.internal.MethodInvocationHelper.invokeMethod(MethodInvocationHelper.java:104)
	at org.testng.internal.Invoker.invokeMethod(Invoker.java:645)
	at org.testng.internal.Invoker.invokeTestMethod(Invoker.java:851)
	at org.testng.internal.Invoker.invokeTestMethods(Invoker.java:1177)
	at org.testng.internal.TestMethodWorker.invokeTestMethods(TestMethodWorker.java:129)
	at org.testng.internal.TestMethodWorker.run(TestMethodWorker.java:112)
	at org.testng.TestRunner.privateRun(TestRunner.java:756)
	at org.testng.TestRunner.run(TestRunner.java:610)
	at org.testng.SuiteRunner.runTest(SuiteRunner.java:387)
	at org.testng.SuiteRunner.runSequentially(SuiteRunner.java:382)
	at org.testng.SuiteRunner.privateRun(SuiteRunner.java:340)
	at org.testng.SuiteRunner.run(SuiteRunner.java:289)
	at org.testng.SuiteRunnerWorker.runSuite(SuiteRunnerWorker.java:52)
	at org.testng.SuiteRunnerWorker.run(SuiteRunnerWorker.java:86)
	at org.testng.TestNG.runSuitesSequentially(TestNG.java:1293)
	at org.testng.TestNG.runSuitesLocally(TestNG.java:1218)
	at org.testng.TestNG.runSuites(TestNG.java:1133)
	at org.testng.TestNG.run(TestNG.java:1104)
	at org.testng.remote.AbstractRemoteTestNG.run(AbstractRemoteTestNG.java:126)
	at org.testng.remote.RemoteTestNG.initAndRun(RemoteTestNG.java:152)
	at org.testng.remote.RemoteTestNG.main(RemoteTestNG.java:57)
Caused by: org.openqa.selenium.NoSuchElementException: Cannot locate an element using By.xpath: //a[contains(text(),'Elizabeth Agosto-Negron')]
For documentation on this error, please visit: http://seleniumhq.org/exceptions/no_such_element.html
Build info: version: '3.5.3', revision: 'a88d25fe6b', time: '2017-08-29T12:42:44.417Z'
System info: host: 'RIPLBRD50', ip: '192.168.1.72', os.name: 'Windows 7', os.arch: 'amd64', os.version: '6.1', java.version: '1.8.0_111'
Driver info: driver.version: unknown
	at org.openqa.selenium.support.ui.ExpectedConditions.lambda$findElement$0(ExpectedConditions.java:883)
	at java.util.Optional.orElseThrow(Optional.java:290)
	at org.openqa.selenium.support.ui.ExpectedConditions.findElement(ExpectedConditions.java:882)
	at org.openqa.selenium.support.ui.ExpectedConditions.access$000(ExpectedConditions.java:44)
	at org.openqa.selenium.support.ui.ExpectedConditions$6.apply(ExpectedConditions.java:183)
	at org.openqa.selenium.support.ui.ExpectedConditions$6.apply(ExpectedConditions.java:180)
	at org.openqa.selenium.support.ui.FluentWait.until(FluentWait.java:209)
	... 28 more
]]>
    </error>
  </testcase> <!-- AddCandidateReferences -->
  <testcase name="searchRequirement" time="2.334" classname="com.test.automation.UIAutomation.tests.CandidateCycle"/>
  <testcase name="interview" time="0.000" classname="com.test.automation.UIAutomation.tests.CandidateCycle">
    <skipped/>
  </testcase> <!-- interview -->
  <testcase name="assessment" time="0.000" classname="com.test.automation.UIAutomation.tests.CandidateCycle">
    <skipped/>
  </testcase> <!-- assessment -->
  <testcase name="shortlisted" time="0.000" classname="com.test.automation.UIAutomation.tests.CandidateCycle">
    <skipped/>
  </testcase> <!-- shortlisted -->
  <testcase name="login" time="6.123" classname="com.test.automation.UIAutomation.tests.CandidateCycle"/>
  <testcase name="offerRecived" time="0.000" classname="com.test.automation.UIAutomation.tests.CandidateCycle">
    <skipped/>
  </testcase> <!-- offerRecived -->
  <testcase name="selectMatches" time="0.066" classname="com.test.automation.UIAutomation.tests.CandidateCycle"/>
  <testcase name="submission" time="0.000" classname="com.test.automation.UIAutomation.tests.CandidateCycle">
    <skipped/>
  </testcase> <!-- submission -->
  <testcase name="prospective" time="0.000" classname="com.test.automation.UIAutomation.tests.CandidateCycle">
    <skipped/>
  </testcase> <!-- prospective -->
</testsuite> <!-- com.test.automation.UIAutomation.tests.CandidateCycle -->
