<?xml version="1.0" encoding="UTF-8"?>
<!-- Generated by org.testng.reporters.JUnitXMLReporter -->
<testsuite hostname="RIPLBRD50" ignored="0" name="CandidatCycle" tests="10" failures="1" timestamp="02 May 2018 05:20:11 GMT" time="28.84" errors="0">
  <testcase name="login" time="4.833" classname="com.test.automation.UIAutomation.tests.CandidateCycle"/>
  <testcase name="searchRequirement" time="1.527" classname="com.test.automation.UIAutomation.tests.CandidateCycle"/>
  <testcase name="selectMatches" time="0.051" classname="com.test.automation.UIAutomation.tests.CandidateCycle"/>
  <testcase name="AddCandidateReferences" time="14.75" classname="com.test.automation.UIAutomation.tests.CandidateCycle">
    <failure type="org.openqa.selenium.TimeoutException" message="Expected condition failed: waiting for presence of element located by: By.xpath: //a[contains(text(),&amp;apos;Elizabeth Agosto-Negron&amp;apos;)] (tried for 10 second(s) with 5 SECONDS interval)">
      <![CDATA[org.openqa.selenium.TimeoutException: Expected condition failed: waiting for presence of element located by: By.xpath: //a[contains(text(),'Elizabeth Agosto-Negron')] (tried for 10 second(s) with 5 SECONDS interval)
	at org.openqa.selenium.support.ui.FluentWait.timeoutException(FluentWait.java:264)
	at org.openqa.selenium.support.ui.FluentWait.until(FluentWait.java:232)
	at com.test.automation.UIAutomation.testBase.TestBase.waitElement(TestBase.java:379)
	at com.test.automation.UIAutomation.uiActions.RequirementsLifeCycle.RequirmentLifeCycle.selectCandidate(RequirmentLifeCycle.java:13)
	at com.test.automation.UIAutomation.tests.CandidateCycle.AddCandidateReferences(CandidateCycle.java:130)
	at java.util.concurrent.ThreadPoolExecutor.runWorker(ThreadPoolExecutor.java:1142)
	at java.util.concurrent.ThreadPoolExecutor$Worker.run(ThreadPoolExecutor.java:617)
	at java.lang.Thread.run(Thread.java:745)
Caused by: org.openqa.selenium.NoSuchElementException: Cannot locate an element using By.xpath: //a[contains(text(),'Elizabeth Agosto-Negron')]
For documentation on this error, please visit: http://seleniumhq.org/exceptions/no_such_element.html
Build info: version: '3.5.3', revision: 'a88d25fe6b', time: '2017-08-29T12:42:44.417Z'
System info: host: 'RIPLBRD50', ip: '192.168.1.72', os.name: 'Windows 7', os.arch: 'amd64', os.version: '6.1', java.version: '1.8.0_111'
Driver info: driver.version: unknown
	at org.openqa.selenium.support.ui.ExpectedConditions.lambda$findElement$0(ExpectedConditions.java:883)
	at java.util.Optional.orElseThrow(Optional.java:290)
	at org.openqa.selenium.support.ui.ExpectedConditions.findElement(ExpectedConditions.java:882)
	at org.openqa.selenium.support.ui.ExpectedConditions.access$000(ExpectedConditions.java:44)
	at org.openqa.selenium.support.ui.ExpectedConditions$6.apply(ExpectedConditions.java:183)
	at org.openqa.selenium.support.ui.ExpectedConditions$6.apply(ExpectedConditions.java:180)
	at org.openqa.selenium.support.ui.FluentWait.until(FluentWait.java:209)
	... 16 more
... Removed 10 stack frames]]>
    </failure>
  </testcase> <!-- AddCandidateReferences -->
  <testcase name="assessment" time="0.0" classname="com.test.automation.UIAutomation.tests.CandidateCycle">
    <skipped/>
  </testcase> <!-- assessment -->
  <testcase name="prospective" time="0.0" classname="com.test.automation.UIAutomation.tests.CandidateCycle">
    <skipped/>
  </testcase> <!-- prospective -->
  <testcase name="submission" time="0.0" classname="com.test.automation.UIAutomation.tests.CandidateCycle">
    <skipped/>
  </testcase> <!-- submission -->
  <testcase name="shortlisted" time="0.0" classname="com.test.automation.UIAutomation.tests.CandidateCycle">
    <skipped/>
  </testcase> <!-- shortlisted -->
  <testcase name="interview" time="0.0" classname="com.test.automation.UIAutomation.tests.CandidateCycle">
    <skipped/>
  </testcase> <!-- interview -->
  <testcase name="offerRecived" time="0.0" classname="com.test.automation.UIAutomation.tests.CandidateCycle">
    <skipped/>
  </testcase> <!-- offerRecived -->
</testsuite> <!-- CandidatCycle -->
