<?xml version="1.0" encoding="UTF-8"?>
<!-- Generated by org.testng.reporters.JUnitXMLReporter -->
<testsuite hostname="RIPLBRD50" ignored="0" name="LoginTestNG" tests="7" failures="0" timestamp="02 May 2018 07:41:05 GMT" time="19.986" errors="0">
  <testcase name="@AfterTest close" time="0.0" classname="com.test.automation.UIAutomation.testBase.TestBase">
    <failure type="org.openqa.selenium.WebDriverException" message="chrome not reachable
  (Session info: chrome=65.0.3325.181)
  (Driver info: chromedriver=2.36.540470 (e522d04694c7ebea4ba8821272dbef4f9b818c91),platform=Windows NT 6.1.7601 SP1 x86_64) (WARNING: The server did not provide any stacktrace information)
Command duration or timeout: 0 milliseconds
Build info: version: &amp;apos;3.5.3&amp;apos;, revision: &amp;apos;a88d25fe6b&amp;apos;, time: &amp;apos;2017-08-29T12:42:44.417Z&amp;apos;
System info: host: &amp;apos;RIPLBRD50&amp;apos;, ip: &amp;apos;192.168.1.72&amp;apos;, os.name: &amp;apos;Windows 7&amp;apos;, os.arch: &amp;apos;amd64&amp;apos;, os.version: &amp;apos;6.1&amp;apos;, java.version: &amp;apos;1.8.0_111&amp;apos;
Driver info: org.openqa.selenium.remote.RemoteWebDriver
Capabilities [{mobileEmulationEnabled=false, hasTouchScreen=false, platform=XP, acceptSslCerts=false, acceptInsecureCerts=false, webStorageEnabled=true, browserName=chrome, takesScreenshot=true, javascriptEnabled=true, platformName=XP, setWindowRect=true, unexpectedAlertBehaviour=, applicationCacheEnabled=false, rotatable=false, networkConnectionEnabled=false, chrome={chromedriverVersion=2.36.540470 (e522d04694c7ebea4ba8821272dbef4f9b818c91), userDataDir=C:\Users\YOGESH~1\AppData\Local\Temp\scoped_dir5652_32522}, takesHeapSnapshot=true, unhandledPromptBehavior=, pageLoadStrategy=normal, databaseEnabled=false, handlesAlerts=true, version=65.0.3325.181, browserConnectionEnabled=false, nativeEvents=true, webdriver.remote.sessionid=836bbdc5212b150d6f85926763e9390c, locationContextEnabled=true, cssSelectorsEnabled=true}]
Session ID: 836bbdc5212b150d6f85926763e9390c">
      <![CDATA[org.openqa.selenium.WebDriverException: chrome not reachable
  (Session info: chrome=65.0.3325.181)
  (Driver info: chromedriver=2.36.540470 (e522d04694c7ebea4ba8821272dbef4f9b818c91),platform=Windows NT 6.1.7601 SP1 x86_64) (WARNING: The server did not provide any stacktrace information)
Command duration or timeout: 0 milliseconds
Build info: version: '3.5.3', revision: 'a88d25fe6b', time: '2017-08-29T12:42:44.417Z'
System info: host: 'RIPLBRD50', ip: '192.168.1.72', os.name: 'Windows 7', os.arch: 'amd64', os.version: '6.1', java.version: '1.8.0_111'
Driver info: org.openqa.selenium.remote.RemoteWebDriver
Capabilities [{mobileEmulationEnabled=false, hasTouchScreen=false, platform=XP, acceptSslCerts=false, acceptInsecureCerts=false, webStorageEnabled=true, browserName=chrome, takesScreenshot=true, javascriptEnabled=true, platformName=XP, setWindowRect=true, unexpectedAlertBehaviour=, applicationCacheEnabled=false, rotatable=false, networkConnectionEnabled=false, chrome={chromedriverVersion=2.36.540470 (e522d04694c7ebea4ba8821272dbef4f9b818c91), userDataDir=C:\Users\YOGESH~1\AppData\Local\Temp\scoped_dir5652_32522}, takesHeapSnapshot=true, unhandledPromptBehavior=, pageLoadStrategy=normal, databaseEnabled=false, handlesAlerts=true, version=65.0.3325.181, browserConnectionEnabled=false, nativeEvents=true, webdriver.remote.sessionid=836bbdc5212b150d6f85926763e9390c, locationContextEnabled=true, cssSelectorsEnabled=true}]
Session ID: 836bbdc5212b150d6f85926763e9390c
	at org.openqa.selenium.remote.ErrorHandler.createThrowable(ErrorHandler.java:215)
	at org.openqa.selenium.remote.ErrorHandler.throwIfResponseFailed(ErrorHandler.java:167)
	at org.openqa.selenium.remote.http.JsonHttpResponseCodec.reconstructValue(JsonHttpResponseCodec.java:40)
	at org.openqa.selenium.remote.http.AbstractHttpResponseCodec.decode(AbstractHttpResponseCodec.java:82)
	at org.openqa.selenium.remote.http.AbstractHttpResponseCodec.decode(AbstractHttpResponseCodec.java:45)
	at org.openqa.selenium.remote.HttpCommandExecutor.execute(HttpCommandExecutor.java:164)
	at org.openqa.selenium.remote.RemoteWebDriver.execute(RemoteWebDriver.java:646)
	at org.openqa.selenium.remote.RemoteWebDriver.execute(RemoteWebDriver.java:703)
	at org.openqa.selenium.remote.RemoteWebDriver.close(RemoteWebDriver.java:532)
	at com.test.automation.UIAutomation.testBase.TestBase.close(TestBase.java:489)
... Removed 27 stack frames]]>
    </failure>
  </testcase> <!-- @AfterTest close -->
  <testcase name="verifiyLoginWithDifferentRecords" time="2.238" classname="com.test.automation.UIAutomation.tests.VerifiyLoginWithDifferentRecords"/>
  <testcase name="verifiyLoginWithDifferentRecords" time="9.78" classname="com.test.automation.UIAutomation.tests.VerifiyLoginWithDifferentRecords"/>
  <testcase name="verifiyLoginWithDifferentRecords" time="0.002" classname="com.test.automation.UIAutomation.tests.VerifiyLoginWithDifferentRecords">
    <skipped/>
  </testcase> <!-- verifiyLoginWithDifferentRecords -->
  <testcase name="verifiyLoginWithDifferentRecords" time="0.008" classname="com.test.automation.UIAutomation.tests.VerifiyLoginWithDifferentRecords">
    <skipped/>
  </testcase> <!-- verifiyLoginWithDifferentRecords -->
  <testcase name="verifiyLoginWithDifferentRecords" time="0.005" classname="com.test.automation.UIAutomation.tests.VerifiyLoginWithDifferentRecords">
    <skipped/>
  </testcase> <!-- verifiyLoginWithDifferentRecords -->
  <testcase name="verifiyLoginWithDifferentRecords" time="0.005" classname="com.test.automation.UIAutomation.tests.VerifiyLoginWithDifferentRecords">
    <skipped/>
  </testcase> <!-- verifiyLoginWithDifferentRecords -->
  <testcase name="verifiyLoginWithDifferentRecords" time="0.003" classname="com.test.automation.UIAutomation.tests.VerifiyLoginWithDifferentRecords">
    <skipped/>
  </testcase> <!-- verifiyLoginWithDifferentRecords -->
</testsuite> <!-- LoginTestNG -->
